<?xml version="1.0" encoding="UTF-8"?>
<robot generator="Robot 4.1.3 (Python 3.8.10 on linux)" generated="20220113 00:19:57.046" rpa="false" schemaversion="2">
<suite id="s1" name="E2E API Test" source="/home/nata/Leshchenko_Nataliia_Test_project/rf/E2E_API_Test.robot">
<test id="s1-t1" name="E2E API TEST">
<kw name="Create Dictionary" library="BuiltIn">
<var>${Body}</var>
<arg>username=${username}</arg>
<arg>password=${password}</arg>
<doc>Creates and returns a dictionary based on the given ``items``.</doc>
<msg timestamp="20220113 00:19:57.192" level="INFO">${Body} = {'username': 'admin', 'password': 'password123'}</msg>
<status status="PASS" starttime="20220113 00:19:57.191" endtime="20220113 00:19:57.192"/>
</kw>
<kw name="Create Dictionary" library="BuiltIn">
<var>${HEADER}</var>
<arg>Content-Type=application/json</arg>
<doc>Creates and returns a dictionary based on the given ``items``.</doc>
<msg timestamp="20220113 00:19:57.192" level="INFO">${HEADER} = {'Content-Type': 'application/json'}</msg>
<status status="PASS" starttime="20220113 00:19:57.192" endtime="20220113 00:19:57.192"/>
</kw>
<kw name="Create New Session" library="E2E_API_resources">
<arg>${BASE_URL}</arg>
<kw name="Create Session" library="RequestsLibrary">
<arg>session</arg>
<arg>${URL}</arg>
<doc>Create Session: create a HTTP session to a server</doc>
<msg timestamp="20220113 00:19:57.193" level="INFO">Creating Session using : alias=session, url=https://restful-booker.herokuapp.com, headers={},                     cookies={}, auth=None, timeout=None, proxies=None, verify=False,                     debug=0 </msg>
<status status="PASS" starttime="20220113 00:19:57.193" endtime="20220113 00:19:57.193"/>
</kw>
<status status="PASS" starttime="20220113 00:19:57.192" endtime="20220113 00:19:57.193"/>
</kw>
<kw name="POST On Session" library="RequestsLibrary">
<var>${RESPONSE}</var>
<arg>session</arg>
<arg>${ENDPOINT}</arg>
<arg>json=${Body}</arg>
<arg>headers=${HEADER}</arg>
<doc>Sends a POST request on a previously created HTTP Session.</doc>
<msg timestamp="20220113 00:19:57.785" level="INFO">POST Request : url=https://restful-booker.herokuapp.com/auth 
 path_url=/auth 
 headers={'User-Agent': 'python-requests/2.27.1', 'Accept-Encoding': 'gzip, deflate', 'Accept': '*/*', 'Connection': 'keep-alive', 'Content-Type': 'application/json', 'Content-Length': '48'} 
 body=b'{"username": "admin", "password": "password123"}' 
 </msg>
<msg timestamp="20220113 00:19:57.785" level="INFO">POST Response : url=https://restful-booker.herokuapp.com/auth 
 status=200, reason=OK 
 headers={'Server': 'Cowboy', 'Connection': 'keep-alive', 'X-Powered-By': 'Express', 'Content-Type': 'application/json; charset=utf-8', 'Content-Length': '27', 'Etag': 'W/"1b-KVR04S6uDGwitDGEc3oUcvTAJGs"', 'Date': 'Wed, 12 Jan 2022 22:19:57 GMT', 'Via': '1.1 vegur'} 
 body={"token":"704826612e76764"} 
 </msg>
<msg timestamp="20220113 00:19:57.785" level="INFO">/home/nata/Leshchenko_Nataliia_Test_project/rf/venv/lib/python3.8/site-packages/urllib3/connectionpool.py:1043: InsecureRequestWarning: Unverified HTTPS request is being made to host 'restful-booker.herokuapp.com'. Adding certificate verification is strongly advised. See: https://urllib3.readthedocs.io/en/1.26.x/advanced-usage.html#ssl-warnings
  warnings.warn(</msg>
<msg timestamp="20220113 00:19:57.785" level="INFO">${RESPONSE} = &lt;Response [200]&gt;</msg>
<status status="PASS" starttime="20220113 00:19:57.193" endtime="20220113 00:19:57.785"/>
</kw>
<kw name="Get Value From Json" library="JSONLibrary">
<var>${TOKEN}</var>
<arg>${RESPONSE.json()}</arg>
<arg>$.token</arg>
<doc>Get Value From JSON using JSONPath</doc>
<msg timestamp="20220113 00:19:57.804" level="INFO">${TOKEN} = ['704826612e76764']</msg>
<status status="PASS" starttime="20220113 00:19:57.785" endtime="20220113 00:19:57.804"/>
</kw>
<kw name="Get From List" library="Collections">
<var>${TOKEN_0}</var>
<arg>${TOKEN}</arg>
<arg>0</arg>
<doc>Returns the value specified with an ``index`` from ``list``.</doc>
<msg timestamp="20220113 00:19:57.805" level="INFO">${TOKEN_0} = 704826612e76764</msg>
<status status="PASS" starttime="20220113 00:19:57.804" endtime="20220113 00:19:57.805"/>
</kw>
<kw name="Log To Console" library="BuiltIn">
<arg>${TOKEN_0}</arg>
<doc>Logs the given message to the console.</doc>
<status status="PASS" starttime="20220113 00:19:57.805" endtime="20220113 00:19:57.805"/>
</kw>
<kw name="Status code should be" library="E2E_API_resources">
<arg>${RESPONSE.status_code}</arg>
<arg>200</arg>
<kw name="Convert To String" library="BuiltIn">
<var>${STATUS_CODE}</var>
<arg>${RESPONSE.status_code}</arg>
<doc>Converts the given item to a Unicode string.</doc>
<msg timestamp="20220113 00:19:57.806" level="INFO">${STATUS_CODE} = 200</msg>
<status status="PASS" starttime="20220113 00:19:57.806" endtime="20220113 00:19:57.806"/>
</kw>
<kw name="Log To Console" library="BuiltIn">
<arg>${STATUS_CODE}</arg>
<doc>Logs the given message to the console.</doc>
<status status="PASS" starttime="20220113 00:19:57.806" endtime="20220113 00:19:57.806"/>
</kw>
<kw name="Should Be Equal" library="BuiltIn">
<arg>${STATUS_CODE}</arg>
<arg>${EXP_SC}</arg>
<doc>Fails if the given objects are unequal.</doc>
<status status="PASS" starttime="20220113 00:19:57.806" endtime="20220113 00:19:57.806"/>
</kw>
<status status="PASS" starttime="20220113 00:19:57.805" endtime="20220113 00:19:57.806"/>
</kw>
<kw name="Load Body and Headers From JSON" library="E2E_API_resources">
<var>${REQUEST_BODY_1}</var>
<var>${HEADER_1}</var>
<arg>resources/JSON/Create_Booking_Body.json</arg>
<arg>resources/JSON/Create_Booking_Headers.json</arg>
<kw name="Load JSON From File" library="JSONLibrary">
<var>${REQUEST_BODY}</var>
<arg>${JSON_Body}</arg>
<doc>Load JSON from file.</doc>
<msg timestamp="20220113 00:19:57.807" level="INFO">${REQUEST_BODY} = {'firstname': 'Jim', 'lastname': 'Brown', 'totalprice': 111, 'depositpaid': True, 'bookingdates': {'checkin': '2018-01-01', 'checkout': '2019-01-01'}, 'additionalneeds': 'Breakfast'}</msg>
<status status="PASS" starttime="20220113 00:19:57.807" endtime="20220113 00:19:57.807"/>
</kw>
<kw name="Load JSON From File" library="JSONLibrary">
<var>${HEADER}</var>
<arg>${JSON_Headers}</arg>
<doc>Load JSON from file.</doc>
<msg timestamp="20220113 00:19:57.807" level="INFO">${HEADER} = {'Content-Type': 'application/json'}</msg>
<status status="PASS" starttime="20220113 00:19:57.807" endtime="20220113 00:19:57.807"/>
</kw>
<msg timestamp="20220113 00:19:57.808" level="INFO">${REQUEST_BODY_1} = {'firstname': 'Jim', 'lastname': 'Brown', 'totalprice': 111, 'depositpaid': True, 'bookingdates': {'checkin': '2018-01-01', 'checkout': '2019-01-01'}, 'additionalneeds': 'Breakfast'}</msg>
<msg timestamp="20220113 00:19:57.808" level="INFO">${HEADER_1} = {'Content-Type': 'application/json'}</msg>
<status status="PASS" starttime="20220113 00:19:57.807" endtime="20220113 00:19:57.808"/>
</kw>
<kw name="POST On Session" library="RequestsLibrary">
<var>${RESPONSE}</var>
<arg>session</arg>
<arg>${CREATE_BOOKING_ENDPOINT}</arg>
<arg>json=${REQUEST_BODY_1}</arg>
<arg>headers=${HEADER_1}</arg>
<doc>Sends a POST request on a previously created HTTP Session.</doc>
<msg timestamp="20220113 00:19:57.943" level="INFO">POST Request : url=https://restful-booker.herokuapp.com/booking 
 path_url=/booking 
 headers={'User-Agent': 'python-requests/2.27.1', 'Accept-Encoding': 'gzip, deflate', 'Accept': '*/*', 'Connection': 'keep-alive', 'Content-Type': 'application/json', 'Content-Length': '182'} 
 body=b'{"firstname": "Jim", "lastname": "Brown", "totalprice": 111, "depositpaid": true, "bookingdates": {"checkin": "2018-01-01", "checkout": "2019-01-01"}, "additionalneeds": "Breakfast"}' 
 </msg>
<msg timestamp="20220113 00:19:57.943" level="INFO">POST Response : url=https://restful-booker.herokuapp.com/booking 
 status=200, reason=OK 
 headers={'Server': 'Cowboy', 'Connection': 'keep-alive', 'X-Powered-By': 'Express', 'Content-Type': 'application/json; charset=utf-8', 'Content-Length': '195', 'Etag': 'W/"c3-VtQVOycJsloccY/dnn4dKDbb8Qw"', 'Date': 'Wed, 12 Jan 2022 22:19:57 GMT', 'Via': '1.1 vegur'} 
 body={"bookingid":22,"booking":{"firstname":"Jim","lastname":"Brown","totalprice":111,"depositpaid":true,"bookingdates":{"checkin":"2018-01-01","checkout":"2019-01-01"},"additionalneeds":"Breakfast"}} 
 </msg>
<msg timestamp="20220113 00:19:57.943" level="INFO">/home/nata/Leshchenko_Nataliia_Test_project/rf/venv/lib/python3.8/site-packages/urllib3/connectionpool.py:1043: InsecureRequestWarning: Unverified HTTPS request is being made to host 'restful-booker.herokuapp.com'. Adding certificate verification is strongly advised. See: https://urllib3.readthedocs.io/en/1.26.x/advanced-usage.html#ssl-warnings
  warnings.warn(</msg>
<msg timestamp="20220113 00:19:57.943" level="INFO">${RESPONSE} = &lt;Response [200]&gt;</msg>
<status status="PASS" starttime="20220113 00:19:57.808" endtime="20220113 00:19:57.943"/>
</kw>
<kw name="Get Value From Json" library="JSONLibrary">
<var>${BOOKING_ID}</var>
<arg>${response.json()}</arg>
<arg>$.bookingid</arg>
<doc>Get Value From JSON using JSONPath</doc>
<msg timestamp="20220113 00:19:57.960" level="INFO">${BOOKING_ID} = [22]</msg>
<status status="PASS" starttime="20220113 00:19:57.944" endtime="20220113 00:19:57.960"/>
</kw>
<kw name="Get From List" library="Collections">
<var>${BOOKING_ID_0}</var>
<arg>${BOOKING_ID}</arg>
<arg>0</arg>
<doc>Returns the value specified with an ``index`` from ``list``.</doc>
<msg timestamp="20220113 00:19:57.960" level="INFO">${BOOKING_ID_0} = 22</msg>
<status status="PASS" starttime="20220113 00:19:57.960" endtime="20220113 00:19:57.960"/>
</kw>
<kw name="Convert To String" library="BuiltIn">
<var>${PARAM_ID}</var>
<arg>${BOOKING_ID_0}</arg>
<doc>Converts the given item to a Unicode string.</doc>
<msg timestamp="20220113 00:19:57.961" level="INFO">${PARAM_ID} = 22</msg>
<status status="PASS" starttime="20220113 00:19:57.961" endtime="20220113 00:19:57.961"/>
</kw>
<kw name="Log To Console" library="BuiltIn">
<arg>${PARAM_ID}</arg>
<doc>Logs the given message to the console.</doc>
<status status="PASS" starttime="20220113 00:19:57.961" endtime="20220113 00:19:57.961"/>
</kw>
<kw name="Response body should be" library="E2E_API_resources">
<arg>${response.content}</arg>
<arg>Jim</arg>
<kw name="Convert To String" library="BuiltIn">
<var>${BODY}</var>
<arg>${response.content}</arg>
<doc>Converts the given item to a Unicode string.</doc>
<msg timestamp="20220113 00:19:57.963" level="INFO">${BODY} = {"bookingid":22,"booking":{"firstname":"Jim","lastname":"Brown","totalprice":111,"depositpaid":true,"bookingdates":{"checkin":"2018-01-01","checkout":"2019-01-01"},"additionalneeds":"Breakfast"}}</msg>
<status status="PASS" starttime="20220113 00:19:57.962" endtime="20220113 00:19:57.963"/>
</kw>
<kw name="Log To Console" library="BuiltIn">
<arg>${BODY}</arg>
<doc>Logs the given message to the console.</doc>
<status status="PASS" starttime="20220113 00:19:57.963" endtime="20220113 00:19:57.963"/>
</kw>
<kw name="Should Contain" library="BuiltIn">
<arg>${BODY}</arg>
<arg>${EXP_body}</arg>
<doc>Fails if ``container`` does not contain ``item`` one or more times.</doc>
<status status="PASS" starttime="20220113 00:19:57.963" endtime="20220113 00:19:57.963"/>
</kw>
<status status="PASS" starttime="20220113 00:19:57.961" endtime="20220113 00:19:57.964"/>
</kw>
<kw name="Status code should be" library="E2E_API_resources">
<arg>${RESPONSE.status_code}</arg>
<arg>200</arg>
<kw name="Convert To String" library="BuiltIn">
<var>${STATUS_CODE}</var>
<arg>${RESPONSE.status_code}</arg>
<doc>Converts the given item to a Unicode string.</doc>
<msg timestamp="20220113 00:19:57.965" level="INFO">${STATUS_CODE} = 200</msg>
<status status="PASS" starttime="20220113 00:19:57.965" endtime="20220113 00:19:57.965"/>
</kw>
<kw name="Log To Console" library="BuiltIn">
<arg>${STATUS_CODE}</arg>
<doc>Logs the given message to the console.</doc>
<status status="PASS" starttime="20220113 00:19:57.965" endtime="20220113 00:19:57.965"/>
</kw>
<kw name="Should Be Equal" library="BuiltIn">
<arg>${STATUS_CODE}</arg>
<arg>${EXP_SC}</arg>
<doc>Fails if the given objects are unequal.</doc>
<status status="PASS" starttime="20220113 00:19:57.965" endtime="20220113 00:19:57.965"/>
</kw>
<status status="PASS" starttime="20220113 00:19:57.964" endtime="20220113 00:19:57.965"/>
</kw>
<kw name="Create New Session" library="E2E_API_resources">
<arg>${BOOKING_URL}</arg>
<kw name="Create Session" library="RequestsLibrary">
<arg>session</arg>
<arg>${URL}</arg>
<doc>Create Session: create a HTTP session to a server</doc>
<msg timestamp="20220113 00:19:57.966" level="INFO">Creating Session using : alias=session, url=https://restful-booker.herokuapp.com/booking/, headers={},                     cookies={}, auth=None, timeout=None, proxies=None, verify=False,                     debug=0 </msg>
<status status="PASS" starttime="20220113 00:19:57.966" endtime="20220113 00:19:57.966"/>
</kw>
<status status="PASS" starttime="20220113 00:19:57.966" endtime="20220113 00:19:57.966"/>
</kw>
<kw name="GET On Session" library="RequestsLibrary">
<var>${RESPONSE}</var>
<arg>session</arg>
<arg>${PARAM_ID}</arg>
<doc>Sends a GET request on a previously created HTTP Session.</doc>
<msg timestamp="20220113 00:19:58.545" level="INFO">GET Request : url=https://restful-booker.herokuapp.com/booking/22 
 path_url=/booking/22 
 headers={'User-Agent': 'python-requests/2.27.1', 'Accept-Encoding': 'gzip, deflate', 'Accept': '*/*', 'Connection': 'keep-alive'} 
 body=None 
 </msg>
<msg timestamp="20220113 00:19:58.545" level="INFO">GET Response : url=https://restful-booker.herokuapp.com/booking/22 
 status=200, reason=OK 
 headers={'Server': 'Cowboy', 'Connection': 'keep-alive', 'X-Powered-By': 'Express', 'Content-Type': 'application/json; charset=utf-8', 'Content-Length': '168', 'Etag': 'W/"a8-p5uB2C7mxZA3HXJZF+tJCDJr8VE"', 'Date': 'Wed, 12 Jan 2022 22:19:58 GMT', 'Via': '1.1 vegur'} 
 body={"firstname":"Jim","lastname":"Brown","totalprice":111,"depositpaid":true,"bookingdates":{"checkin":"2018-01-01","checkout":"2019-01-01"},"additionalneeds":"Breakfast"} 
 </msg>
<msg timestamp="20220113 00:19:58.546" level="INFO">/home/nata/Leshchenko_Nataliia_Test_project/rf/venv/lib/python3.8/site-packages/urllib3/connectionpool.py:1043: InsecureRequestWarning: Unverified HTTPS request is being made to host 'restful-booker.herokuapp.com'. Adding certificate verification is strongly advised. See: https://urllib3.readthedocs.io/en/1.26.x/advanced-usage.html#ssl-warnings
  warnings.warn(</msg>
<msg timestamp="20220113 00:19:58.546" level="INFO">${RESPONSE} = &lt;Response [200]&gt;</msg>
<status status="PASS" starttime="20220113 00:19:57.966" endtime="20220113 00:19:58.546"/>
</kw>
<kw name="Response body should be" library="E2E_API_resources">
<arg>${response.content}</arg>
<arg>Jim</arg>
<kw name="Convert To String" library="BuiltIn">
<var>${BODY}</var>
<arg>${response.content}</arg>
<doc>Converts the given item to a Unicode string.</doc>
<msg timestamp="20220113 00:19:58.547" level="INFO">${BODY} = {"firstname":"Jim","lastname":"Brown","totalprice":111,"depositpaid":true,"bookingdates":{"checkin":"2018-01-01","checkout":"2019-01-01"},"additionalneeds":"Breakfast"}</msg>
<status status="PASS" starttime="20220113 00:19:58.547" endtime="20220113 00:19:58.547"/>
</kw>
<kw name="Log To Console" library="BuiltIn">
<arg>${BODY}</arg>
<doc>Logs the given message to the console.</doc>
<status status="PASS" starttime="20220113 00:19:58.547" endtime="20220113 00:19:58.547"/>
</kw>
<kw name="Should Contain" library="BuiltIn">
<arg>${BODY}</arg>
<arg>${EXP_body}</arg>
<doc>Fails if ``container`` does not contain ``item`` one or more times.</doc>
<status status="PASS" starttime="20220113 00:19:58.547" endtime="20220113 00:19:58.547"/>
</kw>
<status status="PASS" starttime="20220113 00:19:58.546" endtime="20220113 00:19:58.547"/>
</kw>
<kw name="Status code should be" library="E2E_API_resources">
<arg>${RESPONSE.status_code}</arg>
<arg>200</arg>
<kw name="Convert To String" library="BuiltIn">
<var>${STATUS_CODE}</var>
<arg>${RESPONSE.status_code}</arg>
<doc>Converts the given item to a Unicode string.</doc>
<msg timestamp="20220113 00:19:58.548" level="INFO">${STATUS_CODE} = 200</msg>
<status status="PASS" starttime="20220113 00:19:58.548" endtime="20220113 00:19:58.548"/>
</kw>
<kw name="Log To Console" library="BuiltIn">
<arg>${STATUS_CODE}</arg>
<doc>Logs the given message to the console.</doc>
<status status="PASS" starttime="20220113 00:19:58.549" endtime="20220113 00:19:58.549"/>
</kw>
<kw name="Should Be Equal" library="BuiltIn">
<arg>${STATUS_CODE}</arg>
<arg>${EXP_SC}</arg>
<doc>Fails if the given objects are unequal.</doc>
<status status="PASS" starttime="20220113 00:19:58.549" endtime="20220113 00:19:58.549"/>
</kw>
<status status="PASS" starttime="20220113 00:19:58.548" endtime="20220113 00:19:58.549"/>
</kw>
<kw name="Create Dictionary" library="BuiltIn">
<var>${HEADER}</var>
<arg>Cookie=token=${TOKEN_0}</arg>
<doc>Creates and returns a dictionary based on the given ``items``.</doc>
<msg timestamp="20220113 00:19:58.550" level="INFO">${HEADER} = {'Cookie': 'token=704826612e76764'}</msg>
<status status="PASS" starttime="20220113 00:19:58.549" endtime="20220113 00:19:58.550"/>
</kw>
<kw name="DELETE On Session" library="RequestsLibrary">
<var>${RESPONSE}</var>
<arg>session</arg>
<arg>${PARAM_ID}</arg>
<arg>headers=${HEADER}</arg>
<doc>Sends a DELETE request on a previously created HTTP Session.</doc>
<msg timestamp="20220113 00:19:58.682" level="INFO">DELETE Request : url=https://restful-booker.herokuapp.com/booking/22 
 path_url=/booking/22 
 headers={'User-Agent': 'python-requests/2.27.1', 'Accept-Encoding': 'gzip, deflate', 'Accept': '*/*', 'Connection': 'keep-alive', 'Cookie': 'token=704826612e76764', 'Content-Length': '0'} 
 body=None 
 </msg>
<msg timestamp="20220113 00:19:58.682" level="INFO">DELETE Response : url=https://restful-booker.herokuapp.com/booking/22 
 status=201, reason=Created 
 headers={'Server': 'Cowboy', 'Connection': 'keep-alive', 'X-Powered-By': 'Express', 'Content-Type': 'text/plain; charset=utf-8', 'Content-Length': '7', 'Etag': 'W/"7-rM9AyJuqT6iOan/xHh+AW+7K/T8"', 'Date': 'Wed, 12 Jan 2022 22:19:58 GMT', 'Via': '1.1 vegur'} 
 body=Created 
 </msg>
<msg timestamp="20220113 00:19:58.682" level="INFO">/home/nata/Leshchenko_Nataliia_Test_project/rf/venv/lib/python3.8/site-packages/urllib3/connectionpool.py:1043: InsecureRequestWarning: Unverified HTTPS request is being made to host 'restful-booker.herokuapp.com'. Adding certificate verification is strongly advised. See: https://urllib3.readthedocs.io/en/1.26.x/advanced-usage.html#ssl-warnings
  warnings.warn(</msg>
<msg timestamp="20220113 00:19:58.682" level="INFO">${RESPONSE} = &lt;Response [201]&gt;</msg>
<status status="PASS" starttime="20220113 00:19:58.550" endtime="20220113 00:19:58.682"/>
</kw>
<kw name="Response body should be" library="E2E_API_resources">
<arg>${response.content}</arg>
<arg>Created</arg>
<kw name="Convert To String" library="BuiltIn">
<var>${BODY}</var>
<arg>${response.content}</arg>
<doc>Converts the given item to a Unicode string.</doc>
<msg timestamp="20220113 00:19:58.684" level="INFO">${BODY} = Created</msg>
<status status="PASS" starttime="20220113 00:19:58.683" endtime="20220113 00:19:58.684"/>
</kw>
<kw name="Log To Console" library="BuiltIn">
<arg>${BODY}</arg>
<doc>Logs the given message to the console.</doc>
<status status="PASS" starttime="20220113 00:19:58.684" endtime="20220113 00:19:58.684"/>
</kw>
<kw name="Should Contain" library="BuiltIn">
<arg>${BODY}</arg>
<arg>${EXP_body}</arg>
<doc>Fails if ``container`` does not contain ``item`` one or more times.</doc>
<status status="PASS" starttime="20220113 00:19:58.684" endtime="20220113 00:19:58.684"/>
</kw>
<status status="PASS" starttime="20220113 00:19:58.682" endtime="20220113 00:19:58.685"/>
</kw>
<kw name="Status code should be" library="E2E_API_resources">
<arg>${RESPONSE.status_code}</arg>
<arg>201</arg>
<kw name="Convert To String" library="BuiltIn">
<var>${STATUS_CODE}</var>
<arg>${RESPONSE.status_code}</arg>
<doc>Converts the given item to a Unicode string.</doc>
<msg timestamp="20220113 00:19:58.686" level="INFO">${STATUS_CODE} = 201</msg>
<status status="PASS" starttime="20220113 00:19:58.685" endtime="20220113 00:19:58.686"/>
</kw>
<kw name="Log To Console" library="BuiltIn">
<arg>${STATUS_CODE}</arg>
<doc>Logs the given message to the console.</doc>
<status status="PASS" starttime="20220113 00:19:58.686" endtime="20220113 00:19:58.686"/>
</kw>
<kw name="Should Be Equal" library="BuiltIn">
<arg>${STATUS_CODE}</arg>
<arg>${EXP_SC}</arg>
<doc>Fails if the given objects are unequal.</doc>
<status status="PASS" starttime="20220113 00:19:58.686" endtime="20220113 00:19:58.686"/>
</kw>
<status status="PASS" starttime="20220113 00:19:58.685" endtime="20220113 00:19:58.686"/>
</kw>
<kw name="Create New Session" library="E2E_API_resources">
<arg>${BOOKING_URL}</arg>
<kw name="Create Session" library="RequestsLibrary">
<arg>session</arg>
<arg>${URL}</arg>
<doc>Create Session: create a HTTP session to a server</doc>
<msg timestamp="20220113 00:19:58.687" level="INFO">Creating Session using : alias=session, url=https://restful-booker.herokuapp.com/booking/, headers={},                     cookies={}, auth=None, timeout=None, proxies=None, verify=False,                     debug=0 </msg>
<status status="PASS" starttime="20220113 00:19:58.687" endtime="20220113 00:19:58.687"/>
</kw>
<status status="PASS" starttime="20220113 00:19:58.687" endtime="20220113 00:19:58.687"/>
</kw>
<kw name="GET On Session" library="RequestsLibrary">
<var>${RESPONSE}</var>
<arg>session</arg>
<arg>${PARAM_ID}</arg>
<arg>expected_status=any</arg>
<doc>Sends a GET request on a previously created HTTP Session.</doc>
<msg timestamp="20220113 00:19:59.285" level="INFO">GET Request : url=https://restful-booker.herokuapp.com/booking/22 
 path_url=/booking/22 
 headers={'User-Agent': 'python-requests/2.27.1', 'Accept-Encoding': 'gzip, deflate', 'Accept': '*/*', 'Connection': 'keep-alive'} 
 body=None 
 </msg>
<msg timestamp="20220113 00:19:59.285" level="INFO">GET Response : url=https://restful-booker.herokuapp.com/booking/22 
 status=404, reason=Not Found 
 headers={'Server': 'Cowboy', 'Connection': 'keep-alive', 'X-Powered-By': 'Express', 'Content-Type': 'text/plain; charset=utf-8', 'Content-Length': '9', 'Etag': 'W/"9-0gXL1ngzMqISxa6S1zx3F4wtLyg"', 'Date': 'Wed, 12 Jan 2022 22:19:59 GMT', 'Via': '1.1 vegur'} 
 body=Not Found 
 </msg>
<msg timestamp="20220113 00:19:59.285" level="INFO">/home/nata/Leshchenko_Nataliia_Test_project/rf/venv/lib/python3.8/site-packages/urllib3/connectionpool.py:1043: InsecureRequestWarning: Unverified HTTPS request is being made to host 'restful-booker.herokuapp.com'. Adding certificate verification is strongly advised. See: https://urllib3.readthedocs.io/en/1.26.x/advanced-usage.html#ssl-warnings
  warnings.warn(</msg>
<msg timestamp="20220113 00:19:59.285" level="INFO">${RESPONSE} = &lt;Response [404]&gt;</msg>
<status status="PASS" starttime="20220113 00:19:58.687" endtime="20220113 00:19:59.285"/>
</kw>
<kw name="Response body should be" library="E2E_API_resources">
<arg>${response.content}</arg>
<arg>Not Found</arg>
<kw name="Convert To String" library="BuiltIn">
<var>${BODY}</var>
<arg>${response.content}</arg>
<doc>Converts the given item to a Unicode string.</doc>
<msg timestamp="20220113 00:19:59.286" level="INFO">${BODY} = Not Found</msg>
<status status="PASS" starttime="20220113 00:19:59.286" endtime="20220113 00:19:59.286"/>
</kw>
<kw name="Log To Console" library="BuiltIn">
<arg>${BODY}</arg>
<doc>Logs the given message to the console.</doc>
<status status="PASS" starttime="20220113 00:19:59.286" endtime="20220113 00:19:59.287"/>
</kw>
<kw name="Should Contain" library="BuiltIn">
<arg>${BODY}</arg>
<arg>${EXP_body}</arg>
<doc>Fails if ``container`` does not contain ``item`` one or more times.</doc>
<status status="PASS" starttime="20220113 00:19:59.287" endtime="20220113 00:19:59.287"/>
</kw>
<status status="PASS" starttime="20220113 00:19:59.285" endtime="20220113 00:19:59.287"/>
</kw>
<kw name="Status code should be" library="E2E_API_resources">
<arg>${RESPONSE.status_code}</arg>
<arg>404</arg>
<kw name="Convert To String" library="BuiltIn">
<var>${STATUS_CODE}</var>
<arg>${RESPONSE.status_code}</arg>
<doc>Converts the given item to a Unicode string.</doc>
<msg timestamp="20220113 00:19:59.288" level="INFO">${STATUS_CODE} = 404</msg>
<status status="PASS" starttime="20220113 00:19:59.288" endtime="20220113 00:19:59.288"/>
</kw>
<kw name="Log To Console" library="BuiltIn">
<arg>${STATUS_CODE}</arg>
<doc>Logs the given message to the console.</doc>
<status status="PASS" starttime="20220113 00:19:59.288" endtime="20220113 00:19:59.288"/>
</kw>
<kw name="Should Be Equal" library="BuiltIn">
<arg>${STATUS_CODE}</arg>
<arg>${EXP_SC}</arg>
<doc>Fails if the given objects are unequal.</doc>
<status status="PASS" starttime="20220113 00:19:59.288" endtime="20220113 00:19:59.288"/>
</kw>
<status status="PASS" starttime="20220113 00:19:59.287" endtime="20220113 00:19:59.289"/>
</kw>
<status status="PASS" starttime="20220113 00:19:57.191" endtime="20220113 00:19:59.289"/>
</test>
<status status="PASS" starttime="20220113 00:19:57.047" endtime="20220113 00:19:59.289"/>
</suite>
<statistics>
<total>
<stat pass="1" fail="0" skip="0">All Tests</stat>
</total>
<tag>
</tag>
<suite>
<stat pass="1" fail="0" skip="0" id="s1" name="E2E API Test">E2E API Test</stat>
</suite>
</statistics>
<errors>
</errors>
</robot>
